<?xml version="1.0" encoding="UTF-8"?>
<!-- Generated by org.testng.reporters.JUnitReportReporter -->
<testsuite skipped="0" hostname="VM01" name="example.Test.NewSmokeTest" tests="1" failures="0" timestamp="03 Feb 2018 17:25:03 GMT" time="90.167" errors="0">
  <testcase name="f" time="90.167" classname="example.Test.NewSmokeTest"/>
</testsuite> <!-- example.Test.NewSmokeTest -->
