<?xml version="1.0" encoding="UTF-8"?>
<!-- Generated by org.testng.reporters.JUnitReportReporter -->
<testsuite name="example.Test.NewSmokeTest" tests="1" time="198.671" ignored="0" failures="0" timestamp="03 Feb 2018 17:52:29 GMT" skipped="0" hostname="VM01" errors="0">
  <testcase name="f" time="198.671" classname="example.Test.NewSmokeTest"/>
</testsuite> <!-- example.Test.NewSmokeTest -->
